<?xml version="1.0" encoding="UTF-8"?>
<testsuite xmlns:xsi="http://www.w3.org/2001/XMLSchema-instance" xsi:noNamespaceSchemaLocation="https://maven.apache.org/surefire/maven-surefire-plugin/xsd/surefire-test-report.xsd" version="3.0.1" name="TestSuite" time="24.509" tests="2" errors="0" skipped="0" failures="0">
  <properties>
[...]
</properties>
  <testcase name="submitOrderTest[{password=Iamking@000, email=shetty@gmail.com, productName=ZARA COAT 3}](1)" classname="rahulshettyacademy.tests.SubmitOrderTest" time="9.691">
    <system-err><![CDATA[SLF4J: Failed to load class "org.slf4j.impl.StaticLoggerBinder".
SLF4J: Defaulting to no-operation (NOP) logger implementation
SLF4J: See http://www.slf4j.org/codes.html#StaticLoggerBinder for further details.
1720444076686	geckodriver	INFO	Listening on 127.0.0.1:63230
1720444076971	mozrunner::runner	INFO	Running command: "C:\\Program Files\\Mozilla Firefox\\firefox.exe" "--marionette" "--remote-debugging-port" "59560" "--remote ... ow-origins" "http://localhost:59560/" "-no-remote" "-profile" "C:\\Users\\vaibh\\AppData\\Local\\Temp\\rust_mozprofilelqjbhD"
console.warn: services.settings: Ignoring preference override of remote settings server
console.warn: services.settings: Allow by setting MOZ_REMOTE_SETTINGS_DEVTOOLS=1 in the environment
Dynamically enable window occlusion 0
1720444077413	Marionette	INFO	Marionette enabled
1720444077591	Marionette	INFO	Listening on port 14831
Read port: 14831
WebDriver BiDi listening on ws://127.0.0.1:59560
1720444077679	RemoteAgent	WARN	TLS certificate errors will be ignored for this session
DevTools listening on ws://127.0.0.1:59560/devtools/browser/1fbb9199-4a53-4723-a5c8-e85917f96fb2
Jul 08, 2024 6:38:00 PM org.openqa.selenium.remote.ProtocolHandshake createSession
INFO: Detected upstream dialect: W3C
console.warn: LoginRecipes: "Falling back to a synchronous message for: https://rahulshettyacademy.com."
console.warn: LoginRecipes: "Falling back to a synchronous message for: https://rahulshettyacademy.com."
]]></system-err>
  </testcase>
  <testcase name="OrderHistoryTest" classname="rahulshettyacademy.tests.SubmitOrderTest" time="0.596">
    <system-err><![CDATA[1720444091618	Marionette	INFO	Stopped listening on port 14831
Dynamically enable window occlusion 1
1720444092628	geckodriver	INFO	Listening on 127.0.0.1:49650
1720444092650	mozrunner::runner	INFO	Running command: "C:\\Program Files\\Mozilla Firefox\\firefox.exe" "--marionette" "--remote-debugging-port" "50424" "--remote ... ow-origins" "http://localhost:50424/" "-no-remote" "-profile" "C:\\Users\\vaibh\\AppData\\Local\\Temp\\rust_mozprofile4ow8gG"
console.warn: services.settings: Ignoring preference override of remote settings server
console.warn: services.settings: Allow by setting MOZ_REMOTE_SETTINGS_DEVTOOLS=1 in the environment
Dynamically enable window occlusion 0
1720444093154	Marionette	INFO	Marionette enabled
1720444093361	Marionette	INFO	Listening on port 14894
WebDriver BiDi listening on ws://127.0.0.1:50424
Read port: 14894
1720444093703	RemoteAgent	WARN	TLS certificate errors will be ignored for this session
DevTools listening on ws://127.0.0.1:50424/devtools/browser/2e9090d7-d75c-4960-9ff5-3934006d6930
Jul 08, 2024 6:38:16 PM org.openqa.selenium.remote.ProtocolHandshake createSession
INFO: Detected upstream dialect: W3C
console.warn: LoginRecipes: "Falling back to a synchronous message for: https://rahulshettyacademy.com."
console.warn: LoginRecipes: "Falling back to a synchronous message for: https://rahulshettyacademy.com."
]]></system-err>
  </testcase>
</testsuite>