<?xml version="1.0" encoding="UTF-8"?>
<testng-results ignored="0" total="2" passed="2" failed="0" skipped="0">
  <reporter-output>
  </reporter-output>
  <suite started-at="2024-07-08T18:37:55 IST" name="Surefire suite" finished-at="2024-07-08T18:38:19 IST" duration-ms="24038">
    <groups>
      <group name="PurchaseOrder">
        <method signature="SubmitOrderTest.submitOrderTest(java.util.HashMap)[pri:0, instance:rahulshettyacademy.tests.SubmitOrderTest@703580bf]" name="submitOrderTest" class="rahulshettyacademy.tests.SubmitOrderTest"/>
      </group> <!-- PurchaseOrder -->
    </groups>
    <test started-at="2024-07-08T18:37:55 IST" name="Surefire test" finished-at="2024-07-08T18:38:19 IST" duration-ms="24038">
      <class name="rahulshettyacademy.tests.SubmitOrderTest">
        <test-method is-config="true" signature="launchApplication()[pri:0, instance:rahulshettyacademy.tests.SubmitOrderTest@703580bf]" started-at="2024-07-08T18:37:56 IST" name="launchApplication" finished-at="2024-07-08T18:38:01 IST" duration-ms="5861" status="PASS">
          <reporter-output>
          </reporter-output>
        </test-method> <!-- launchApplication -->
        <test-method signature="submitOrderTest(java.util.HashMap)[pri:0, instance:rahulshettyacademy.tests.SubmitOrderTest@703580bf]" started-at="2024-07-08T18:38:01 IST" name="submitOrderTest" data-provider="getData" finished-at="2024-07-08T18:38:11 IST" duration-ms="9686" status="PASS">
          <params>
            <param index="0">
              <value>
                <![CDATA[{password=Iamking@000, email=shetty@gmail.com, productName=ZARA COAT 3}]]>
              </value>
            </param>
          </params>
          <reporter-output>
          </reporter-output>
        </test-method> <!-- submitOrderTest -->
        <test-method is-config="true" signature="close()[pri:0, instance:rahulshettyacademy.tests.SubmitOrderTest@703580bf]" started-at="2024-07-08T18:38:11 IST" name="close" finished-at="2024-07-08T18:38:12 IST" duration-ms="953" status="PASS">
          <reporter-output>
          </reporter-output>
        </test-method> <!-- close -->
        <test-method is-config="true" signature="launchApplication()[pri:0, instance:rahulshettyacademy.tests.SubmitOrderTest@703580bf]" started-at="2024-07-08T18:38:12 IST" name="launchApplication" finished-at="2024-07-08T18:38:18 IST" duration-ms="5746" status="PASS">
          <reporter-output>
          </reporter-output>
        </test-method> <!-- launchApplication -->
        <test-method signature="OrderHistoryTest()[pri:0, instance:rahulshettyacademy.tests.SubmitOrderTest@703580bf]" started-at="2024-07-08T18:38:18 IST" name="OrderHistoryTest" finished-at="2024-07-08T18:38:18 IST" depends-on-methods="rahulshettyacademy.tests.SubmitOrderTest.submitOrderTest" duration-ms="596" status="PASS">
          <reporter-output>
          </reporter-output>
        </test-method> <!-- OrderHistoryTest -->
        <test-method is-config="true" signature="close()[pri:0, instance:rahulshettyacademy.tests.SubmitOrderTest@703580bf]" started-at="2024-07-08T18:38:18 IST" name="close" finished-at="2024-07-08T18:38:19 IST" duration-ms="948" status="PASS">
          <reporter-output>
          </reporter-output>
        </test-method> <!-- close -->
      </class> <!-- rahulshettyacademy.tests.SubmitOrderTest -->
    </test> <!-- Surefire test -->
  </suite> <!-- Surefire suite -->
</testng-results>
